{"C:\\Users\\myano\\Desktop\\HW3\\3.2.2\\students.js": {"path":"C:\\Users\\myano\\Desktop\\HW3\\3.2.2\\students.js","statementMap":{"0":{"start":{"line":1,"column":22},"end":{"line":20,"column":3}},"1":{"start":{"line":22,"column":19},"end":{"line":22,"column":75}},"2":{"start":{"line":22,"column":60},"end":{"line":22,"column":73}},"3":{"start":{"line":23,"column":22},"end":{"line":23,"column":81}},"4":{"start":{"line":23,"column":54},"end":{"line":23,"column":80}},"5":{"start":{"line":25,"column":2},"end":{"line":27,"column":5}},"6":{"start":{"line":26,"column":4},"end":{"line":26,"column":102}},"7":{"start":{"line":28,"column":2},"end":{"line":28,"column":33}}},"fnMap":{"0":{"name":"(anonymous_0)","decl":{"start":{"line":22,"column":49},"end":{"line":22,"column":50}},"loc":{"start":{"line":22,"column":60},"end":{"line":22,"column":73}},"line":22},"1":{"name":"(anonymous_1)","decl":{"start":{"line":23,"column":43},"end":{"line":23,"column":44}},"loc":{"start":{"line":23,"column":54},"end":{"line":23,"column":80}},"line":23},"2":{"name":"(anonymous_2)","decl":{"start":{"line":25,"column":22},"end":{"line":25,"column":23}},"loc":{"start":{"line":25,"column":33},"end":{"line":27,"column":3}},"line":25}},"branchMap":{},"s":{"0":1,"1":1,"2":18,"3":1,"4":18,"5":1,"6":2,"7":1},"f":{"0":18,"1":18,"2":2},"b":{},"_coverageSchema":"1a1c01bbd47fc00a2c39e90264f33305004495a9","hash":"04b0bc50d0e867dbfb427568f373fab8d1898ead"}
}
